[0.092s] DEBUG:colcon:Command line arguments: ['/usr/bin/colcon', 'build', '--symlink-install']
[0.093s] DEBUG:colcon:Parsed command line arguments: Namespace(log_base=None, log_level=None, verb_name='build', build_base='build', install_base='install', merge_install=False, symlink_install=True, test_result_base=None, continue_on_error=False, executor='parallel', parallel_workers=16, event_handlers=None, ignore_user_meta=False, metas=['./colcon.meta'], base_paths=['.'], packages_ignore=None, packages_ignore_regex=None, paths=None, packages_up_to=None, packages_up_to_regex=None, packages_above=None, packages_above_and_dependencies=None, packages_above_depth=None, packages_select_by_dep=None, packages_skip_by_dep=None, packages_skip_up_to=None, packages_select_build_failed=False, packages_skip_build_finished=False, packages_select_test_failures=False, packages_skip_test_passed=False, packages_select=None, packages_skip=None, packages_select_regex=None, packages_skip_regex=None, packages_start=None, packages_end=None, allow_overriding=[], cmake_args=None, cmake_target=None, cmake_target_skip_unavailable=False, cmake_clean_cache=False, cmake_clean_first=False, cmake_force_configure=False, ament_cmake_args=None, catkin_cmake_args=None, catkin_skip_building_tests=False, mixin_files=None, mixin=None, verb_parser=<colcon_mixin.mixin.mixin_argument.MixinArgumentDecorator object at 0x79ed5788e6e0>, verb_extension=<colcon_core.verb.build.BuildVerb object at 0x79ed5788df60>, main=<bound method BuildVerb.main of <colcon_core.verb.build.BuildVerb object at 0x79ed5788df60>>, mixin_verb=('build',))
[0.338s] Level 1:colcon.colcon_core.package_discovery:discover_packages(colcon_meta) check parameters
[0.338s] Level 1:colcon.colcon_core.package_discovery:discover_packages(recursive) check parameters
[0.338s] Level 1:colcon.colcon_core.package_discovery:discover_packages(ignore) check parameters
[0.338s] Level 1:colcon.colcon_core.package_discovery:discover_packages(path) check parameters
[0.338s] Level 1:colcon.colcon_core.package_discovery:discover_packages(colcon_meta) discover
[0.338s] Level 1:colcon.colcon_core.package_discovery:discover_packages(recursive) discover
[0.338s] INFO:colcon.colcon_core.package_discovery:Crawling recursively for packages in '/home/xd/anomaly_sensor_ros2'
[0.338s] Level 1:colcon.colcon_core.package_identification:_identify(.) by extensions ['ignore', 'ignore_ament_install']
[0.338s] Level 1:colcon.colcon_core.package_identification:_identify(.) by extension 'ignore'
[0.338s] Level 1:colcon.colcon_core.package_identification:_identify(.) by extension 'ignore_ament_install'
[0.338s] Level 1:colcon.colcon_core.package_identification:_identify(.) by extensions ['colcon_pkg']
[0.338s] Level 1:colcon.colcon_core.package_identification:_identify(.) by extension 'colcon_pkg'
[0.338s] Level 1:colcon.colcon_core.package_identification:_identify(.) by extensions ['colcon_meta']
[0.338s] Level 1:colcon.colcon_core.package_identification:_identify(.) by extension 'colcon_meta'
[0.338s] Level 1:colcon.colcon_core.package_identification:_identify(.) by extensions ['ros']
[0.338s] Level 1:colcon.colcon_core.package_identification:_identify(.) by extension 'ros'
[0.356s] Level 1:colcon.colcon_core.package_identification:_identify(.) by extensions ['cmake', 'python']
[0.356s] Level 1:colcon.colcon_core.package_identification:_identify(.) by extension 'cmake'
[0.356s] Level 1:colcon.colcon_core.package_identification:_identify(.) by extension 'python'
[0.356s] Level 1:colcon.colcon_core.package_identification:_identify(.) by extensions ['python_setup_py']
[0.356s] Level 1:colcon.colcon_core.package_identification:_identify(.) by extension 'python_setup_py'
[0.356s] Level 1:colcon.colcon_core.package_identification:_identify(build) by extensions ['ignore', 'ignore_ament_install']
[0.356s] Level 1:colcon.colcon_core.package_identification:_identify(build) by extension 'ignore'
[0.356s] Level 1:colcon.colcon_core.package_identification:_identify(build) ignored
[0.356s] Level 1:colcon.colcon_core.package_identification:_identify(install) by extensions ['ignore', 'ignore_ament_install']
[0.356s] Level 1:colcon.colcon_core.package_identification:_identify(install) by extension 'ignore'
[0.356s] Level 1:colcon.colcon_core.package_identification:_identify(install) ignored
[0.356s] Level 1:colcon.colcon_core.package_identification:_identify(log) by extensions ['ignore', 'ignore_ament_install']
[0.356s] Level 1:colcon.colcon_core.package_identification:_identify(log) by extension 'ignore'
[0.356s] Level 1:colcon.colcon_core.package_identification:_identify(log) ignored
[0.356s] Level 1:colcon.colcon_core.package_identification:_identify(src) by extensions ['ignore', 'ignore_ament_install']
[0.357s] Level 1:colcon.colcon_core.package_identification:_identify(src) by extension 'ignore'
[0.357s] Level 1:colcon.colcon_core.package_identification:_identify(src) by extension 'ignore_ament_install'
[0.357s] Level 1:colcon.colcon_core.package_identification:_identify(src) by extensions ['colcon_pkg']
[0.357s] Level 1:colcon.colcon_core.package_identification:_identify(src) by extension 'colcon_pkg'
[0.357s] Level 1:colcon.colcon_core.package_identification:_identify(src) by extensions ['colcon_meta']
[0.357s] Level 1:colcon.colcon_core.package_identification:_identify(src) by extension 'colcon_meta'
[0.357s] Level 1:colcon.colcon_core.package_identification:_identify(src) by extensions ['ros']
[0.357s] Level 1:colcon.colcon_core.package_identification:_identify(src) by extension 'ros'
[0.357s] Level 1:colcon.colcon_core.package_identification:_identify(src) by extensions ['cmake', 'python']
[0.357s] Level 1:colcon.colcon_core.package_identification:_identify(src) by extension 'cmake'
[0.357s] Level 1:colcon.colcon_core.package_identification:_identify(src) by extension 'python'
[0.357s] Level 1:colcon.colcon_core.package_identification:_identify(src) by extensions ['python_setup_py']
[0.357s] Level 1:colcon.colcon_core.package_identification:_identify(src) by extension 'python_setup_py'
[0.357s] Level 1:colcon.colcon_core.package_identification:_identify(src/drone_sensors) by extensions ['ignore', 'ignore_ament_install']
[0.357s] Level 1:colcon.colcon_core.package_identification:_identify(src/drone_sensors) by extension 'ignore'
[0.357s] Level 1:colcon.colcon_core.package_identification:_identify(src/drone_sensors) by extension 'ignore_ament_install'
[0.357s] Level 1:colcon.colcon_core.package_identification:_identify(src/drone_sensors) by extensions ['colcon_pkg']
[0.357s] Level 1:colcon.colcon_core.package_identification:_identify(src/drone_sensors) by extension 'colcon_pkg'
[0.357s] Level 1:colcon.colcon_core.package_identification:_identify(src/drone_sensors) by extensions ['colcon_meta']
[0.357s] Level 1:colcon.colcon_core.package_identification:_identify(src/drone_sensors) by extension 'colcon_meta'
[0.357s] Level 1:colcon.colcon_core.package_identification:_identify(src/drone_sensors) by extensions ['ros']
[0.357s] Level 1:colcon.colcon_core.package_identification:_identify(src/drone_sensors) by extension 'ros'
[0.359s] DEBUG:colcon.colcon_core.package_identification:Package 'src/drone_sensors' with type 'ros.ament_python' and name 'drone_sensors'
[0.360s] Level 1:colcon.colcon_core.package_identification:_identify(src/drone_state) by extensions ['ignore', 'ignore_ament_install']
[0.360s] Level 1:colcon.colcon_core.package_identification:_identify(src/drone_state) by extension 'ignore'
[0.360s] Level 1:colcon.colcon_core.package_identification:_identify(src/drone_state) by extension 'ignore_ament_install'
[0.360s] Level 1:colcon.colcon_core.package_identification:_identify(src/drone_state) by extensions ['colcon_pkg']
[0.360s] Level 1:colcon.colcon_core.package_identification:_identify(src/drone_state) by extension 'colcon_pkg'
[0.360s] Level 1:colcon.colcon_core.package_identification:_identify(src/drone_state) by extensions ['colcon_meta']
[0.360s] Level 1:colcon.colcon_core.package_identification:_identify(src/drone_state) by extension 'colcon_meta'
[0.360s] Level 1:colcon.colcon_core.package_identification:_identify(src/drone_state) by extensions ['ros']
[0.360s] Level 1:colcon.colcon_core.package_identification:_identify(src/drone_state) by extension 'ros'
[0.360s] DEBUG:colcon.colcon_core.package_identification:Package 'src/drone_state' with type 'ros.ament_python' and name 'drone_state'
[0.361s] Level 1:colcon.colcon_core.package_identification:_identify(src/respeaker) by extensions ['ignore', 'ignore_ament_install']
[0.361s] Level 1:colcon.colcon_core.package_identification:_identify(src/respeaker) by extension 'ignore'
[0.361s] Level 1:colcon.colcon_core.package_identification:_identify(src/respeaker) by extension 'ignore_ament_install'
[0.361s] Level 1:colcon.colcon_core.package_identification:_identify(src/respeaker) by extensions ['colcon_pkg']
[0.361s] Level 1:colcon.colcon_core.package_identification:_identify(src/respeaker) by extension 'colcon_pkg'
[0.361s] Level 1:colcon.colcon_core.package_identification:_identify(src/respeaker) by extensions ['colcon_meta']
[0.361s] Level 1:colcon.colcon_core.package_identification:_identify(src/respeaker) by extension 'colcon_meta'
[0.361s] Level 1:colcon.colcon_core.package_identification:_identify(src/respeaker) by extensions ['ros']
[0.361s] Level 1:colcon.colcon_core.package_identification:_identify(src/respeaker) by extension 'ros'
[0.361s] DEBUG:colcon.colcon_core.package_identification:Package 'src/respeaker' with type 'ros.ament_python' and name 'respeaker'
[0.361s] Level 1:colcon.colcon_core.package_identification:_identify(src/thl100_sensor) by extensions ['ignore', 'ignore_ament_install']
[0.361s] Level 1:colcon.colcon_core.package_identification:_identify(src/thl100_sensor) by extension 'ignore'
[0.361s] Level 1:colcon.colcon_core.package_identification:_identify(src/thl100_sensor) by extension 'ignore_ament_install'
[0.361s] Level 1:colcon.colcon_core.package_identification:_identify(src/thl100_sensor) by extensions ['colcon_pkg']
[0.361s] Level 1:colcon.colcon_core.package_identification:_identify(src/thl100_sensor) by extension 'colcon_pkg'
[0.362s] Level 1:colcon.colcon_core.package_identification:_identify(src/thl100_sensor) by extensions ['colcon_meta']
[0.362s] Level 1:colcon.colcon_core.package_identification:_identify(src/thl100_sensor) by extension 'colcon_meta'
[0.362s] Level 1:colcon.colcon_core.package_identification:_identify(src/thl100_sensor) by extensions ['ros']
[0.362s] Level 1:colcon.colcon_core.package_identification:_identify(src/thl100_sensor) by extension 'ros'
[0.362s] DEBUG:colcon.colcon_core.package_identification:Package 'src/thl100_sensor' with type 'ros.ament_python' and name 'thl100_sensor'
[0.362s] Level 1:colcon.colcon_core.package_identification:_identify(src/wcm6800_sensor) by extensions ['ignore', 'ignore_ament_install']
[0.362s] Level 1:colcon.colcon_core.package_identification:_identify(src/wcm6800_sensor) by extension 'ignore'
[0.362s] Level 1:colcon.colcon_core.package_identification:_identify(src/wcm6800_sensor) by extension 'ignore_ament_install'
[0.362s] Level 1:colcon.colcon_core.package_identification:_identify(src/wcm6800_sensor) by extensions ['colcon_pkg']
[0.362s] Level 1:colcon.colcon_core.package_identification:_identify(src/wcm6800_sensor) by extension 'colcon_pkg'
[0.362s] Level 1:colcon.colcon_core.package_identification:_identify(src/wcm6800_sensor) by extensions ['colcon_meta']
[0.362s] Level 1:colcon.colcon_core.package_identification:_identify(src/wcm6800_sensor) by extension 'colcon_meta'
[0.362s] Level 1:colcon.colcon_core.package_identification:_identify(src/wcm6800_sensor) by extensions ['ros']
[0.362s] Level 1:colcon.colcon_core.package_identification:_identify(src/wcm6800_sensor) by extension 'ros'
[0.363s] DEBUG:colcon.colcon_core.package_identification:Package 'src/wcm6800_sensor' with type 'ros.ament_python' and name 'wcm6800_sensor'
[0.363s] Level 1:colcon.colcon_core.package_discovery:discover_packages(recursive) using defaults
[0.363s] Level 1:colcon.colcon_core.package_discovery:discover_packages(ignore) discover
[0.363s] Level 1:colcon.colcon_core.package_discovery:discover_packages(ignore) using defaults
[0.363s] Level 1:colcon.colcon_core.package_discovery:discover_packages(path) discover
[0.363s] Level 1:colcon.colcon_core.package_discovery:discover_packages(path) using defaults
[0.388s] Level 1:colcon.colcon_core.package_discovery:discover_packages(prefix_path) check parameters
[0.388s] Level 1:colcon.colcon_core.package_discovery:discover_packages(prefix_path) discover
[0.391s] DEBUG:colcon.colcon_installed_package_information.package_discovery:Found 5 installed packages in /home/xd/ros2_ws/install
[0.392s] DEBUG:colcon.colcon_installed_package_information.package_discovery:Found 24 installed packages in /home/xd/ardu_ws/install
[0.393s] DEBUG:colcon.colcon_installed_package_information.package_discovery:Found 231 installed packages in /opt/ros/humble
[0.394s] Level 1:colcon.colcon_core.package_discovery:discover_packages(prefix_path) using defaults
[0.443s] Level 5:colcon.colcon_core.verb:set package 'drone_state' build argument 'cmake_args' from command line to 'None'
[0.443s] Level 5:colcon.colcon_core.verb:set package 'drone_state' build argument 'cmake_target' from command line to 'None'
[0.443s] Level 5:colcon.colcon_core.verb:set package 'drone_state' build argument 'cmake_target_skip_unavailable' from command line to 'False'
[0.443s] Level 5:colcon.colcon_core.verb:set package 'drone_state' build argument 'cmake_clean_cache' from command line to 'False'
[0.443s] Level 5:colcon.colcon_core.verb:set package 'drone_state' build argument 'cmake_clean_first' from command line to 'False'
[0.443s] Level 5:colcon.colcon_core.verb:set package 'drone_state' build argument 'cmake_force_configure' from command line to 'False'
[0.443s] Level 5:colcon.colcon_core.verb:set package 'drone_state' build argument 'ament_cmake_args' from command line to 'None'
[0.443s] Level 5:colcon.colcon_core.verb:set package 'drone_state' build argument 'catkin_cmake_args' from command line to 'None'
[0.443s] Level 5:colcon.colcon_core.verb:set package 'drone_state' build argument 'catkin_skip_building_tests' from command line to 'False'
[0.443s] DEBUG:colcon.colcon_core.verb:Building package 'drone_state' with the following arguments: {'ament_cmake_args': None, 'build_base': '/home/xd/anomaly_sensor_ros2/build/drone_state', 'catkin_cmake_args': None, 'catkin_skip_building_tests': False, 'cmake_args': None, 'cmake_clean_cache': False, 'cmake_clean_first': False, 'cmake_force_configure': False, 'cmake_target': None, 'cmake_target_skip_unavailable': False, 'install_base': '/home/xd/anomaly_sensor_ros2/install/drone_state', 'merge_install': False, 'path': '/home/xd/anomaly_sensor_ros2/src/drone_state', 'symlink_install': True, 'test_result_base': None}
[0.443s] Level 5:colcon.colcon_core.verb:set package 'respeaker' build argument 'cmake_args' from command line to 'None'
[0.443s] Level 5:colcon.colcon_core.verb:set package 'respeaker' build argument 'cmake_target' from command line to 'None'
[0.443s] Level 5:colcon.colcon_core.verb:set package 'respeaker' build argument 'cmake_target_skip_unavailable' from command line to 'False'
[0.443s] Level 5:colcon.colcon_core.verb:set package 'respeaker' build argument 'cmake_clean_cache' from command line to 'False'
[0.443s] Level 5:colcon.colcon_core.verb:set package 'respeaker' build argument 'cmake_clean_first' from command line to 'False'
[0.443s] Level 5:colcon.colcon_core.verb:set package 'respeaker' build argument 'cmake_force_configure' from command line to 'False'
[0.443s] Level 5:colcon.colcon_core.verb:set package 'respeaker' build argument 'ament_cmake_args' from command line to 'None'
[0.443s] Level 5:colcon.colcon_core.verb:set package 'respeaker' build argument 'catkin_cmake_args' from command line to 'None'
[0.443s] Level 5:colcon.colcon_core.verb:set package 'respeaker' build argument 'catkin_skip_building_tests' from command line to 'False'
[0.443s] DEBUG:colcon.colcon_core.verb:Building package 'respeaker' with the following arguments: {'ament_cmake_args': None, 'build_base': '/home/xd/anomaly_sensor_ros2/build/respeaker', 'catkin_cmake_args': None, 'catkin_skip_building_tests': False, 'cmake_args': None, 'cmake_clean_cache': False, 'cmake_clean_first': False, 'cmake_force_configure': False, 'cmake_target': None, 'cmake_target_skip_unavailable': False, 'install_base': '/home/xd/anomaly_sensor_ros2/install/respeaker', 'merge_install': False, 'path': '/home/xd/anomaly_sensor_ros2/src/respeaker', 'symlink_install': True, 'test_result_base': None}
[0.443s] Level 5:colcon.colcon_core.verb:set package 'thl100_sensor' build argument 'cmake_args' from command line to 'None'
[0.443s] Level 5:colcon.colcon_core.verb:set package 'thl100_sensor' build argument 'cmake_target' from command line to 'None'
[0.443s] Level 5:colcon.colcon_core.verb:set package 'thl100_sensor' build argument 'cmake_target_skip_unavailable' from command line to 'False'
[0.443s] Level 5:colcon.colcon_core.verb:set package 'thl100_sensor' build argument 'cmake_clean_cache' from command line to 'False'
[0.443s] Level 5:colcon.colcon_core.verb:set package 'thl100_sensor' build argument 'cmake_clean_first' from command line to 'False'
[0.444s] Level 5:colcon.colcon_core.verb:set package 'thl100_sensor' build argument 'cmake_force_configure' from command line to 'False'
[0.444s] Level 5:colcon.colcon_core.verb:set package 'thl100_sensor' build argument 'ament_cmake_args' from command line to 'None'
[0.444s] Level 5:colcon.colcon_core.verb:set package 'thl100_sensor' build argument 'catkin_cmake_args' from command line to 'None'
[0.444s] Level 5:colcon.colcon_core.verb:set package 'thl100_sensor' build argument 'catkin_skip_building_tests' from command line to 'False'
[0.444s] DEBUG:colcon.colcon_core.verb:Building package 'thl100_sensor' with the following arguments: {'ament_cmake_args': None, 'build_base': '/home/xd/anomaly_sensor_ros2/build/thl100_sensor', 'catkin_cmake_args': None, 'catkin_skip_building_tests': False, 'cmake_args': None, 'cmake_clean_cache': False, 'cmake_clean_first': False, 'cmake_force_configure': False, 'cmake_target': None, 'cmake_target_skip_unavailable': False, 'install_base': '/home/xd/anomaly_sensor_ros2/install/thl100_sensor', 'merge_install': False, 'path': '/home/xd/anomaly_sensor_ros2/src/thl100_sensor', 'symlink_install': True, 'test_result_base': None}
[0.444s] Level 5:colcon.colcon_core.verb:set package 'wcm6800_sensor' build argument 'cmake_args' from command line to 'None'
[0.444s] Level 5:colcon.colcon_core.verb:set package 'wcm6800_sensor' build argument 'cmake_target' from command line to 'None'
[0.444s] Level 5:colcon.colcon_core.verb:set package 'wcm6800_sensor' build argument 'cmake_target_skip_unavailable' from command line to 'False'
[0.444s] Level 5:colcon.colcon_core.verb:set package 'wcm6800_sensor' build argument 'cmake_clean_cache' from command line to 'False'
[0.444s] Level 5:colcon.colcon_core.verb:set package 'wcm6800_sensor' build argument 'cmake_clean_first' from command line to 'False'
[0.444s] Level 5:colcon.colcon_core.verb:set package 'wcm6800_sensor' build argument 'cmake_force_configure' from command line to 'False'
[0.444s] Level 5:colcon.colcon_core.verb:set package 'wcm6800_sensor' build argument 'ament_cmake_args' from command line to 'None'
[0.444s] Level 5:colcon.colcon_core.verb:set package 'wcm6800_sensor' build argument 'catkin_cmake_args' from command line to 'None'
[0.444s] Level 5:colcon.colcon_core.verb:set package 'wcm6800_sensor' build argument 'catkin_skip_building_tests' from command line to 'False'
[0.444s] DEBUG:colcon.colcon_core.verb:Building package 'wcm6800_sensor' with the following arguments: {'ament_cmake_args': None, 'build_base': '/home/xd/anomaly_sensor_ros2/build/wcm6800_sensor', 'catkin_cmake_args': None, 'catkin_skip_building_tests': False, 'cmake_args': None, 'cmake_clean_cache': False, 'cmake_clean_first': False, 'cmake_force_configure': False, 'cmake_target': None, 'cmake_target_skip_unavailable': False, 'install_base': '/home/xd/anomaly_sensor_ros2/install/wcm6800_sensor', 'merge_install': False, 'path': '/home/xd/anomaly_sensor_ros2/src/wcm6800_sensor', 'symlink_install': True, 'test_result_base': None}
[0.444s] Level 5:colcon.colcon_core.verb:set package 'drone_sensors' build argument 'cmake_args' from command line to 'None'
[0.444s] Level 5:colcon.colcon_core.verb:set package 'drone_sensors' build argument 'cmake_target' from command line to 'None'
[0.444s] Level 5:colcon.colcon_core.verb:set package 'drone_sensors' build argument 'cmake_target_skip_unavailable' from command line to 'False'
[0.444s] Level 5:colcon.colcon_core.verb:set package 'drone_sensors' build argument 'cmake_clean_cache' from command line to 'False'
[0.444s] Level 5:colcon.colcon_core.verb:set package 'drone_sensors' build argument 'cmake_clean_first' from command line to 'False'
[0.444s] Level 5:colcon.colcon_core.verb:set package 'drone_sensors' build argument 'cmake_force_configure' from command line to 'False'
[0.444s] Level 5:colcon.colcon_core.verb:set package 'drone_sensors' build argument 'ament_cmake_args' from command line to 'None'
[0.444s] Level 5:colcon.colcon_core.verb:set package 'drone_sensors' build argument 'catkin_cmake_args' from command line to 'None'
[0.444s] Level 5:colcon.colcon_core.verb:set package 'drone_sensors' build argument 'catkin_skip_building_tests' from command line to 'False'
[0.444s] DEBUG:colcon.colcon_core.verb:Building package 'drone_sensors' with the following arguments: {'ament_cmake_args': None, 'build_base': '/home/xd/anomaly_sensor_ros2/build/drone_sensors', 'catkin_cmake_args': None, 'catkin_skip_building_tests': False, 'cmake_args': None, 'cmake_clean_cache': False, 'cmake_clean_first': False, 'cmake_force_configure': False, 'cmake_target': None, 'cmake_target_skip_unavailable': False, 'install_base': '/home/xd/anomaly_sensor_ros2/install/drone_sensors', 'merge_install': False, 'path': '/home/xd/anomaly_sensor_ros2/src/drone_sensors', 'symlink_install': True, 'test_result_base': None}
[0.444s] INFO:colcon.colcon_core.executor:Executing jobs using 'parallel' executor
[0.445s] DEBUG:colcon.colcon_parallel_executor.executor.parallel:run_until_complete
[0.445s] INFO:colcon.colcon_ros.task.ament_python.build:Building ROS package in '/home/xd/anomaly_sensor_ros2/src/respeaker' with build type 'ament_python'
[0.445s] Level 1:colcon.colcon_core.shell:create_environment_hook('respeaker', 'ament_prefix_path')
[0.449s] INFO:colcon.colcon_core.plugin_system:Skipping extension 'colcon_core.shell.bat': Not used on non-Windows systems
[0.449s] INFO:colcon.colcon_core.shell:Creating environment hook '/home/xd/anomaly_sensor_ros2/install/respeaker/share/respeaker/hook/ament_prefix_path.ps1'
[0.451s] INFO:colcon.colcon_core.shell:Creating environment descriptor '/home/xd/anomaly_sensor_ros2/install/respeaker/share/respeaker/hook/ament_prefix_path.dsv'
[0.451s] INFO:colcon.colcon_core.shell:Creating environment hook '/home/xd/anomaly_sensor_ros2/install/respeaker/share/respeaker/hook/ament_prefix_path.sh'
[0.452s] INFO:colcon.colcon_core.shell:Skip shell extension 'powershell' for command environment: Not usable outside of PowerShell
[0.452s] DEBUG:colcon.colcon_core.shell:Skip shell extension 'dsv' for command environment
[0.455s] INFO:colcon.colcon_ros.task.ament_python.build:Building ROS package in '/home/xd/anomaly_sensor_ros2/src/thl100_sensor' with build type 'ament_python'
[0.455s] Level 1:colcon.colcon_core.shell:create_environment_hook('thl100_sensor', 'ament_prefix_path')
[0.456s] INFO:colcon.colcon_core.shell:Creating environment hook '/home/xd/anomaly_sensor_ros2/install/thl100_sensor/share/thl100_sensor/hook/ament_prefix_path.ps1'
[0.456s] INFO:colcon.colcon_core.shell:Creating environment descriptor '/home/xd/anomaly_sensor_ros2/install/thl100_sensor/share/thl100_sensor/hook/ament_prefix_path.dsv'
[0.457s] INFO:colcon.colcon_core.shell:Creating environment hook '/home/xd/anomaly_sensor_ros2/install/thl100_sensor/share/thl100_sensor/hook/ament_prefix_path.sh'
[0.457s] INFO:colcon.colcon_core.shell:Skip shell extension 'powershell' for command environment: Not usable outside of PowerShell
[0.457s] DEBUG:colcon.colcon_core.shell:Skip shell extension 'dsv' for command environment
[0.461s] INFO:colcon.colcon_ros.task.ament_python.build:Building ROS package in '/home/xd/anomaly_sensor_ros2/src/wcm6800_sensor' with build type 'ament_python'
[0.461s] Level 1:colcon.colcon_core.shell:create_environment_hook('wcm6800_sensor', 'ament_prefix_path')
[0.461s] INFO:colcon.colcon_core.shell:Creating environment hook '/home/xd/anomaly_sensor_ros2/install/wcm6800_sensor/share/wcm6800_sensor/hook/ament_prefix_path.ps1'
[0.461s] INFO:colcon.colcon_core.shell:Creating environment descriptor '/home/xd/anomaly_sensor_ros2/install/wcm6800_sensor/share/wcm6800_sensor/hook/ament_prefix_path.dsv'
[0.462s] INFO:colcon.colcon_core.shell:Creating environment hook '/home/xd/anomaly_sensor_ros2/install/wcm6800_sensor/share/wcm6800_sensor/hook/ament_prefix_path.sh'
[0.462s] INFO:colcon.colcon_core.shell:Skip shell extension 'powershell' for command environment: Not usable outside of PowerShell
[0.462s] DEBUG:colcon.colcon_core.shell:Skip shell extension 'dsv' for command environment
[0.466s] INFO:colcon.colcon_ros.task.ament_python.build:Building ROS package in '/home/xd/anomaly_sensor_ros2/src/drone_state' with build type 'ament_python'
[0.466s] Level 1:colcon.colcon_core.shell:create_environment_hook('drone_state', 'ament_prefix_path')
[0.466s] INFO:colcon.colcon_core.shell:Creating environment hook '/home/xd/anomaly_sensor_ros2/install/drone_state/share/drone_state/hook/ament_prefix_path.ps1'
[0.466s] INFO:colcon.colcon_core.shell:Creating environment descriptor '/home/xd/anomaly_sensor_ros2/install/drone_state/share/drone_state/hook/ament_prefix_path.dsv'
[0.466s] INFO:colcon.colcon_core.shell:Creating environment hook '/home/xd/anomaly_sensor_ros2/install/drone_state/share/drone_state/hook/ament_prefix_path.sh'
[0.467s] INFO:colcon.colcon_core.shell:Skip shell extension 'powershell' for command environment: Not usable outside of PowerShell
[0.467s] DEBUG:colcon.colcon_core.shell:Skip shell extension 'dsv' for command environment
[0.713s] WARNING:colcon.colcon_ros.task.ament_python.build:Package 'respeaker' doesn't explicitly install a marker in the package index (colcon-ros currently does it implicitly but that fallback will be removed in the future)
[0.713s] WARNING:colcon.colcon_ros.task.ament_python.build:Package 'respeaker' doesn't explicitly install the 'package.xml' file (colcon-ros currently does it implicitly but that fallback will be removed in the future)
[0.713s] INFO:colcon.colcon_core.task.python.build:Building Python package in '/home/xd/anomaly_sensor_ros2/src/respeaker'
[0.713s] INFO:colcon.colcon_core.shell:Skip shell extension 'powershell' for command environment: Not usable outside of PowerShell
[0.713s] DEBUG:colcon.colcon_core.shell:Skip shell extension 'dsv' for command environment
[0.962s] WARNING:colcon.colcon_ros.task.ament_python.build:Package 'thl100_sensor' doesn't explicitly install a marker in the package index (colcon-ros currently does it implicitly but that fallback will be removed in the future)
[0.962s] WARNING:colcon.colcon_ros.task.ament_python.build:Package 'thl100_sensor' doesn't explicitly install the 'package.xml' file (colcon-ros currently does it implicitly but that fallback will be removed in the future)
[0.962s] INFO:colcon.colcon_core.task.python.build:Building Python package in '/home/xd/anomaly_sensor_ros2/src/thl100_sensor'
[0.963s] INFO:colcon.colcon_core.shell:Skip shell extension 'powershell' for command environment: Not usable outside of PowerShell
[0.963s] DEBUG:colcon.colcon_core.shell:Skip shell extension 'dsv' for command environment
[1.205s] WARNING:colcon.colcon_ros.task.ament_python.build:Package 'wcm6800_sensor' doesn't explicitly install a marker in the package index (colcon-ros currently does it implicitly but that fallback will be removed in the future)
[1.206s] WARNING:colcon.colcon_ros.task.ament_python.build:Package 'wcm6800_sensor' doesn't explicitly install the 'package.xml' file (colcon-ros currently does it implicitly but that fallback will be removed in the future)
[1.206s] INFO:colcon.colcon_core.task.python.build:Building Python package in '/home/xd/anomaly_sensor_ros2/src/wcm6800_sensor'
[1.206s] INFO:colcon.colcon_core.shell:Skip shell extension 'powershell' for command environment: Not usable outside of PowerShell
[1.206s] DEBUG:colcon.colcon_core.shell:Skip shell extension 'dsv' for command environment
[1.442s] WARNING:colcon.colcon_ros.task.ament_python.build:Package 'drone_state' doesn't explicitly install a marker in the package index (colcon-ros currently does it implicitly but that fallback will be removed in the future)
[1.443s] WARNING:colcon.colcon_ros.task.ament_python.build:Package 'drone_state' doesn't explicitly install the 'package.xml' file (colcon-ros currently does it implicitly but that fallback will be removed in the future)
[1.443s] INFO:colcon.colcon_core.task.python.build:Building Python package in '/home/xd/anomaly_sensor_ros2/src/drone_state'
[1.443s] INFO:colcon.colcon_core.shell:Skip shell extension 'powershell' for command environment: Not usable outside of PowerShell
[1.443s] DEBUG:colcon.colcon_core.shell:Skip shell extension 'dsv' for command environment
[1.894s] DEBUG:colcon.colcon_core.event_handler.log_command:Invoking command in '/home/xd/anomaly_sensor_ros2/build/drone_state': PYTHONPATH=/home/xd/anomaly_sensor_ros2/build/drone_state/prefix_override:/usr/lib/python3/dist-packages/colcon_core/task/python/colcon_distutils_commands:/home/xd/anomaly_sensor_ros2/install/drone_state/lib/python3.10/site-packages:${PYTHONPATH} /usr/bin/python3 -W ignore:setup.py install is deprecated -W ignore:easy_install command is deprecated setup.py develop --editable --build-directory /home/xd/anomaly_sensor_ros2/build/drone_state/build --no-deps
[1.901s] DEBUG:colcon.colcon_core.event_handler.log_command:Invoking command in '/home/xd/anomaly_sensor_ros2/build/thl100_sensor': PYTHONPATH=/home/xd/anomaly_sensor_ros2/build/thl100_sensor/prefix_override:/usr/lib/python3/dist-packages/colcon_core/task/python/colcon_distutils_commands:/home/xd/anomaly_sensor_ros2/install/thl100_sensor/lib/python3.10/site-packages:${PYTHONPATH} /usr/bin/python3 -W ignore:setup.py install is deprecated -W ignore:easy_install command is deprecated setup.py develop --editable --build-directory /home/xd/anomaly_sensor_ros2/build/thl100_sensor/build --no-deps
[1.902s] DEBUG:colcon.colcon_core.event_handler.log_command:Invoking command in '/home/xd/anomaly_sensor_ros2/build/wcm6800_sensor': PYTHONPATH=/home/xd/anomaly_sensor_ros2/build/wcm6800_sensor/prefix_override:/usr/lib/python3/dist-packages/colcon_core/task/python/colcon_distutils_commands:/home/xd/anomaly_sensor_ros2/install/wcm6800_sensor/lib/python3.10/site-packages:${PYTHONPATH} /usr/bin/python3 -W ignore:setup.py install is deprecated -W ignore:easy_install command is deprecated setup.py develop --editable --build-directory /home/xd/anomaly_sensor_ros2/build/wcm6800_sensor/build --no-deps
[1.903s] DEBUG:colcon.colcon_core.event_handler.log_command:Invoking command in '/home/xd/anomaly_sensor_ros2/build/respeaker': PYTHONPATH=/home/xd/anomaly_sensor_ros2/build/respeaker/prefix_override:/usr/lib/python3/dist-packages/colcon_core/task/python/colcon_distutils_commands:/home/xd/anomaly_sensor_ros2/install/respeaker/lib/python3.10/site-packages:${PYTHONPATH} /usr/bin/python3 -W ignore:setup.py install is deprecated -W ignore:easy_install command is deprecated setup.py develop --editable --build-directory /home/xd/anomaly_sensor_ros2/build/respeaker/build --no-deps
[2.347s] Level 1:colcon.colcon_core.shell:create_environment_hook('wcm6800_sensor', 'pythonpath_develop')
[2.348s] INFO:colcon.colcon_core.shell:Creating environment hook '/home/xd/anomaly_sensor_ros2/build/wcm6800_sensor/share/wcm6800_sensor/hook/pythonpath_develop.ps1'
[2.348s] DEBUG:colcon.colcon_core.event_handler.log_command:Invoked command in '/home/xd/anomaly_sensor_ros2/build/wcm6800_sensor' returned '0': PYTHONPATH=/home/xd/anomaly_sensor_ros2/build/wcm6800_sensor/prefix_override:/usr/lib/python3/dist-packages/colcon_core/task/python/colcon_distutils_commands:/home/xd/anomaly_sensor_ros2/install/wcm6800_sensor/lib/python3.10/site-packages:${PYTHONPATH} /usr/bin/python3 -W ignore:setup.py install is deprecated -W ignore:easy_install command is deprecated setup.py develop --editable --build-directory /home/xd/anomaly_sensor_ros2/build/wcm6800_sensor/build --no-deps
[2.348s] INFO:colcon.colcon_core.shell:Creating environment descriptor '/home/xd/anomaly_sensor_ros2/build/wcm6800_sensor/share/wcm6800_sensor/hook/pythonpath_develop.dsv'
[2.349s] INFO:colcon.colcon_core.shell:Creating environment hook '/home/xd/anomaly_sensor_ros2/build/wcm6800_sensor/share/wcm6800_sensor/hook/pythonpath_develop.sh'
[2.355s] Level 1:colcon.colcon_core.environment:checking '/home/xd/anomaly_sensor_ros2/install/wcm6800_sensor' for CMake module files
[2.355s] Level 1:colcon.colcon_core.environment:checking '/home/xd/anomaly_sensor_ros2/install/wcm6800_sensor' for CMake config files
[2.355s] Level 1:colcon.colcon_core.environment:checking '/home/xd/anomaly_sensor_ros2/install/wcm6800_sensor/lib'
[2.356s] Level 1:colcon.colcon_core.environment:checking '/home/xd/anomaly_sensor_ros2/install/wcm6800_sensor/bin'
[2.356s] Level 1:colcon.colcon_core.environment:checking '/home/xd/anomaly_sensor_ros2/install/wcm6800_sensor/lib/pkgconfig/wcm6800_sensor.pc'
[2.356s] Level 1:colcon.colcon_core.environment:checking '/home/xd/anomaly_sensor_ros2/install/wcm6800_sensor/lib/python3.10/site-packages'
[2.356s] Level 1:colcon.colcon_core.shell:create_environment_hook('wcm6800_sensor', 'pythonpath')
[2.356s] INFO:colcon.colcon_core.shell:Creating environment hook '/home/xd/anomaly_sensor_ros2/install/wcm6800_sensor/share/wcm6800_sensor/hook/pythonpath.ps1'
[2.356s] INFO:colcon.colcon_core.shell:Creating environment descriptor '/home/xd/anomaly_sensor_ros2/install/wcm6800_sensor/share/wcm6800_sensor/hook/pythonpath.dsv'
[2.357s] INFO:colcon.colcon_core.shell:Creating environment hook '/home/xd/anomaly_sensor_ros2/install/wcm6800_sensor/share/wcm6800_sensor/hook/pythonpath.sh'
[2.357s] Level 1:colcon.colcon_core.environment:checking '/home/xd/anomaly_sensor_ros2/install/wcm6800_sensor/bin'
[2.357s] Level 1:colcon.colcon_core.environment:create_environment_scripts_only(wcm6800_sensor)
[2.357s] INFO:colcon.colcon_core.shell:Creating package script '/home/xd/anomaly_sensor_ros2/install/wcm6800_sensor/share/wcm6800_sensor/package.ps1'
[2.359s] INFO:colcon.colcon_core.shell:Creating package descriptor '/home/xd/anomaly_sensor_ros2/install/wcm6800_sensor/share/wcm6800_sensor/package.dsv'
[2.359s] INFO:colcon.colcon_core.shell:Creating package script '/home/xd/anomaly_sensor_ros2/install/wcm6800_sensor/share/wcm6800_sensor/package.sh'
[2.360s] INFO:colcon.colcon_core.shell:Creating package script '/home/xd/anomaly_sensor_ros2/install/wcm6800_sensor/share/wcm6800_sensor/package.bash'
[2.361s] INFO:colcon.colcon_core.shell:Creating package script '/home/xd/anomaly_sensor_ros2/install/wcm6800_sensor/share/wcm6800_sensor/package.zsh'
[2.361s] Level 1:colcon.colcon_core.environment:create_file_with_runtime_dependencies(/home/xd/anomaly_sensor_ros2/install/wcm6800_sensor/share/colcon-core/packages/wcm6800_sensor)
[2.362s] Level 1:colcon.colcon_core.shell:create_environment_hook('respeaker', 'pythonpath_develop')
[2.363s] INFO:colcon.colcon_core.shell:Creating environment hook '/home/xd/anomaly_sensor_ros2/build/respeaker/share/respeaker/hook/pythonpath_develop.ps1'
[2.363s] DEBUG:colcon.colcon_core.event_handler.log_command:Invoked command in '/home/xd/anomaly_sensor_ros2/build/respeaker' returned '0': PYTHONPATH=/home/xd/anomaly_sensor_ros2/build/respeaker/prefix_override:/usr/lib/python3/dist-packages/colcon_core/task/python/colcon_distutils_commands:/home/xd/anomaly_sensor_ros2/install/respeaker/lib/python3.10/site-packages:${PYTHONPATH} /usr/bin/python3 -W ignore:setup.py install is deprecated -W ignore:easy_install command is deprecated setup.py develop --editable --build-directory /home/xd/anomaly_sensor_ros2/build/respeaker/build --no-deps
[2.363s] INFO:colcon.colcon_core.shell:Creating environment descriptor '/home/xd/anomaly_sensor_ros2/build/respeaker/share/respeaker/hook/pythonpath_develop.dsv'
[2.364s] INFO:colcon.colcon_core.shell:Creating environment hook '/home/xd/anomaly_sensor_ros2/build/respeaker/share/respeaker/hook/pythonpath_develop.sh'
[2.364s] Level 1:colcon.colcon_core.environment:checking '/home/xd/anomaly_sensor_ros2/install/respeaker' for CMake module files
[2.364s] Level 1:colcon.colcon_core.environment:checking '/home/xd/anomaly_sensor_ros2/install/respeaker' for CMake config files
[2.365s] Level 1:colcon.colcon_core.environment:checking '/home/xd/anomaly_sensor_ros2/install/respeaker/lib'
[2.365s] Level 1:colcon.colcon_core.environment:checking '/home/xd/anomaly_sensor_ros2/install/respeaker/bin'
[2.365s] Level 1:colcon.colcon_core.environment:checking '/home/xd/anomaly_sensor_ros2/install/respeaker/lib/pkgconfig/respeaker.pc'
[2.365s] Level 1:colcon.colcon_core.environment:checking '/home/xd/anomaly_sensor_ros2/install/respeaker/lib/python3.10/site-packages'
[2.365s] Level 1:colcon.colcon_core.shell:create_environment_hook('respeaker', 'pythonpath')
[2.365s] INFO:colcon.colcon_core.shell:Creating environment hook '/home/xd/anomaly_sensor_ros2/install/respeaker/share/respeaker/hook/pythonpath.ps1'
[2.365s] INFO:colcon.colcon_core.shell:Creating environment descriptor '/home/xd/anomaly_sensor_ros2/install/respeaker/share/respeaker/hook/pythonpath.dsv'
[2.366s] INFO:colcon.colcon_core.shell:Creating environment hook '/home/xd/anomaly_sensor_ros2/install/respeaker/share/respeaker/hook/pythonpath.sh'
[2.366s] Level 1:colcon.colcon_core.environment:checking '/home/xd/anomaly_sensor_ros2/install/respeaker/bin'
[2.366s] Level 1:colcon.colcon_core.environment:create_environment_scripts_only(respeaker)
[2.366s] INFO:colcon.colcon_core.shell:Creating package script '/home/xd/anomaly_sensor_ros2/install/respeaker/share/respeaker/package.ps1'
[2.367s] INFO:colcon.colcon_core.shell:Creating package descriptor '/home/xd/anomaly_sensor_ros2/install/respeaker/share/respeaker/package.dsv'
[2.367s] INFO:colcon.colcon_core.shell:Creating package script '/home/xd/anomaly_sensor_ros2/install/respeaker/share/respeaker/package.sh'
[2.367s] INFO:colcon.colcon_core.shell:Creating package script '/home/xd/anomaly_sensor_ros2/install/respeaker/share/respeaker/package.bash'
[2.367s] INFO:colcon.colcon_core.shell:Creating package script '/home/xd/anomaly_sensor_ros2/install/respeaker/share/respeaker/package.zsh'
[2.368s] Level 1:colcon.colcon_core.environment:create_file_with_runtime_dependencies(/home/xd/anomaly_sensor_ros2/install/respeaker/share/colcon-core/packages/respeaker)
[2.368s] Level 1:colcon.colcon_core.shell:create_environment_hook('drone_state', 'pythonpath_develop')
[2.369s] INFO:colcon.colcon_core.shell:Creating environment hook '/home/xd/anomaly_sensor_ros2/build/drone_state/share/drone_state/hook/pythonpath_develop.ps1'
[2.369s] DEBUG:colcon.colcon_core.event_handler.log_command:Invoked command in '/home/xd/anomaly_sensor_ros2/build/drone_state' returned '0': PYTHONPATH=/home/xd/anomaly_sensor_ros2/build/drone_state/prefix_override:/usr/lib/python3/dist-packages/colcon_core/task/python/colcon_distutils_commands:/home/xd/anomaly_sensor_ros2/install/drone_state/lib/python3.10/site-packages:${PYTHONPATH} /usr/bin/python3 -W ignore:setup.py install is deprecated -W ignore:easy_install command is deprecated setup.py develop --editable --build-directory /home/xd/anomaly_sensor_ros2/build/drone_state/build --no-deps
[2.369s] INFO:colcon.colcon_core.shell:Creating environment descriptor '/home/xd/anomaly_sensor_ros2/build/drone_state/share/drone_state/hook/pythonpath_develop.dsv'
[2.369s] INFO:colcon.colcon_core.shell:Creating environment hook '/home/xd/anomaly_sensor_ros2/build/drone_state/share/drone_state/hook/pythonpath_develop.sh'
[2.370s] Level 1:colcon.colcon_core.environment:checking '/home/xd/anomaly_sensor_ros2/install/drone_state' for CMake module files
[2.370s] Level 1:colcon.colcon_core.environment:checking '/home/xd/anomaly_sensor_ros2/install/drone_state' for CMake config files
[2.370s] Level 1:colcon.colcon_core.environment:checking '/home/xd/anomaly_sensor_ros2/install/drone_state/lib'
[2.370s] Level 1:colcon.colcon_core.environment:checking '/home/xd/anomaly_sensor_ros2/install/drone_state/bin'
[2.370s] Level 1:colcon.colcon_core.environment:checking '/home/xd/anomaly_sensor_ros2/install/drone_state/lib/pkgconfig/drone_state.pc'
[2.371s] Level 1:colcon.colcon_core.environment:checking '/home/xd/anomaly_sensor_ros2/install/drone_state/lib/python3.10/site-packages'
[2.371s] Level 1:colcon.colcon_core.shell:create_environment_hook('drone_state', 'pythonpath')
[2.371s] INFO:colcon.colcon_core.shell:Creating environment hook '/home/xd/anomaly_sensor_ros2/install/drone_state/share/drone_state/hook/pythonpath.ps1'
[2.371s] INFO:colcon.colcon_core.shell:Creating environment descriptor '/home/xd/anomaly_sensor_ros2/install/drone_state/share/drone_state/hook/pythonpath.dsv'
[2.371s] INFO:colcon.colcon_core.shell:Creating environment hook '/home/xd/anomaly_sensor_ros2/install/drone_state/share/drone_state/hook/pythonpath.sh'
[2.372s] Level 1:colcon.colcon_core.environment:checking '/home/xd/anomaly_sensor_ros2/install/drone_state/bin'
[2.372s] Level 1:colcon.colcon_core.environment:create_environment_scripts_only(drone_state)
[2.372s] INFO:colcon.colcon_core.shell:Creating package script '/home/xd/anomaly_sensor_ros2/install/drone_state/share/drone_state/package.ps1'
[2.372s] INFO:colcon.colcon_core.shell:Creating package descriptor '/home/xd/anomaly_sensor_ros2/install/drone_state/share/drone_state/package.dsv'
[2.373s] INFO:colcon.colcon_core.shell:Creating package script '/home/xd/anomaly_sensor_ros2/install/drone_state/share/drone_state/package.sh'
[2.373s] INFO:colcon.colcon_core.shell:Creating package script '/home/xd/anomaly_sensor_ros2/install/drone_state/share/drone_state/package.bash'
[2.373s] INFO:colcon.colcon_core.shell:Creating package script '/home/xd/anomaly_sensor_ros2/install/drone_state/share/drone_state/package.zsh'
[2.373s] Level 1:colcon.colcon_core.environment:create_file_with_runtime_dependencies(/home/xd/anomaly_sensor_ros2/install/drone_state/share/colcon-core/packages/drone_state)
[2.375s] Level 1:colcon.colcon_core.shell:create_environment_hook('thl100_sensor', 'pythonpath_develop')
[2.375s] INFO:colcon.colcon_core.shell:Creating environment hook '/home/xd/anomaly_sensor_ros2/build/thl100_sensor/share/thl100_sensor/hook/pythonpath_develop.ps1'
[2.375s] DEBUG:colcon.colcon_core.event_handler.log_command:Invoked command in '/home/xd/anomaly_sensor_ros2/build/thl100_sensor' returned '0': PYTHONPATH=/home/xd/anomaly_sensor_ros2/build/thl100_sensor/prefix_override:/usr/lib/python3/dist-packages/colcon_core/task/python/colcon_distutils_commands:/home/xd/anomaly_sensor_ros2/install/thl100_sensor/lib/python3.10/site-packages:${PYTHONPATH} /usr/bin/python3 -W ignore:setup.py install is deprecated -W ignore:easy_install command is deprecated setup.py develop --editable --build-directory /home/xd/anomaly_sensor_ros2/build/thl100_sensor/build --no-deps
[2.375s] INFO:colcon.colcon_core.shell:Creating environment descriptor '/home/xd/anomaly_sensor_ros2/build/thl100_sensor/share/thl100_sensor/hook/pythonpath_develop.dsv'
[2.376s] INFO:colcon.colcon_core.shell:Creating environment hook '/home/xd/anomaly_sensor_ros2/build/thl100_sensor/share/thl100_sensor/hook/pythonpath_develop.sh'
[2.376s] Level 1:colcon.colcon_core.environment:checking '/home/xd/anomaly_sensor_ros2/install/thl100_sensor' for CMake module files
[2.376s] Level 1:colcon.colcon_core.environment:checking '/home/xd/anomaly_sensor_ros2/install/thl100_sensor' for CMake config files
[2.377s] Level 1:colcon.colcon_core.environment:checking '/home/xd/anomaly_sensor_ros2/install/thl100_sensor/lib'
[2.377s] Level 1:colcon.colcon_core.environment:checking '/home/xd/anomaly_sensor_ros2/install/thl100_sensor/bin'
[2.377s] Level 1:colcon.colcon_core.environment:checking '/home/xd/anomaly_sensor_ros2/install/thl100_sensor/lib/pkgconfig/thl100_sensor.pc'
[2.377s] Level 1:colcon.colcon_core.environment:checking '/home/xd/anomaly_sensor_ros2/install/thl100_sensor/lib/python3.10/site-packages'
[2.377s] Level 1:colcon.colcon_core.shell:create_environment_hook('thl100_sensor', 'pythonpath')
[2.377s] INFO:colcon.colcon_core.shell:Creating environment hook '/home/xd/anomaly_sensor_ros2/install/thl100_sensor/share/thl100_sensor/hook/pythonpath.ps1'
[2.377s] INFO:colcon.colcon_core.shell:Creating environment descriptor '/home/xd/anomaly_sensor_ros2/install/thl100_sensor/share/thl100_sensor/hook/pythonpath.dsv'
[2.377s] INFO:colcon.colcon_core.shell:Creating environment hook '/home/xd/anomaly_sensor_ros2/install/thl100_sensor/share/thl100_sensor/hook/pythonpath.sh'
[2.378s] Level 1:colcon.colcon_core.environment:checking '/home/xd/anomaly_sensor_ros2/install/thl100_sensor/bin'
[2.378s] Level 1:colcon.colcon_core.environment:create_environment_scripts_only(thl100_sensor)
[2.378s] INFO:colcon.colcon_core.shell:Creating package script '/home/xd/anomaly_sensor_ros2/install/thl100_sensor/share/thl100_sensor/package.ps1'
[2.379s] INFO:colcon.colcon_core.shell:Creating package descriptor '/home/xd/anomaly_sensor_ros2/install/thl100_sensor/share/thl100_sensor/package.dsv'
[2.379s] INFO:colcon.colcon_core.shell:Creating package script '/home/xd/anomaly_sensor_ros2/install/thl100_sensor/share/thl100_sensor/package.sh'
[2.379s] INFO:colcon.colcon_core.shell:Creating package script '/home/xd/anomaly_sensor_ros2/install/thl100_sensor/share/thl100_sensor/package.bash'
[2.379s] INFO:colcon.colcon_core.shell:Creating package script '/home/xd/anomaly_sensor_ros2/install/thl100_sensor/share/thl100_sensor/package.zsh'
[2.380s] Level 1:colcon.colcon_core.environment:create_file_with_runtime_dependencies(/home/xd/anomaly_sensor_ros2/install/thl100_sensor/share/colcon-core/packages/thl100_sensor)
[2.380s] INFO:colcon.colcon_ros.task.ament_python.build:Building ROS package in '/home/xd/anomaly_sensor_ros2/src/drone_sensors' with build type 'ament_python'
[2.380s] Level 1:colcon.colcon_core.shell:create_environment_hook('drone_sensors', 'ament_prefix_path')
[2.380s] INFO:colcon.colcon_core.shell:Creating environment hook '/home/xd/anomaly_sensor_ros2/install/drone_sensors/share/drone_sensors/hook/ament_prefix_path.ps1'
[2.381s] INFO:colcon.colcon_core.shell:Creating environment descriptor '/home/xd/anomaly_sensor_ros2/install/drone_sensors/share/drone_sensors/hook/ament_prefix_path.dsv'
[2.381s] INFO:colcon.colcon_core.shell:Creating environment hook '/home/xd/anomaly_sensor_ros2/install/drone_sensors/share/drone_sensors/hook/ament_prefix_path.sh'
[2.381s] INFO:colcon.colcon_core.shell:Skip shell extension 'powershell' for command environment: Not usable outside of PowerShell
[2.381s] DEBUG:colcon.colcon_core.shell:Skip shell extension 'dsv' for command environment
[2.636s] INFO:colcon.colcon_core.task.python.build:Building Python package in '/home/xd/anomaly_sensor_ros2/src/drone_sensors'
[2.636s] INFO:colcon.colcon_core.shell:Skip shell extension 'powershell' for command environment: Not usable outside of PowerShell
[2.636s] DEBUG:colcon.colcon_core.shell:Skip shell extension 'dsv' for command environment
[3.014s] DEBUG:colcon.colcon_core.event_handler.log_command:Invoking command in '/home/xd/anomaly_sensor_ros2/build/drone_sensors': AMENT_PREFIX_PATH=/home/xd/anomaly_sensor_ros2/install/wcm6800_sensor:/home/xd/anomaly_sensor_ros2/install/thl100_sensor:/home/xd/anomaly_sensor_ros2/install/respeaker:${AMENT_PREFIX_PATH} PYTHONPATH=/home/xd/anomaly_sensor_ros2/build/drone_sensors/prefix_override:/usr/lib/python3/dist-packages/colcon_core/task/python/colcon_distutils_commands:/home/xd/anomaly_sensor_ros2/install/drone_sensors/lib/python3.10/site-packages:/home/xd/anomaly_sensor_ros2/build/wcm6800_sensor:/home/xd/anomaly_sensor_ros2/install/wcm6800_sensor/lib/python3.10/site-packages:/home/xd/anomaly_sensor_ros2/build/thl100_sensor:/home/xd/anomaly_sensor_ros2/install/thl100_sensor/lib/python3.10/site-packages:/home/xd/anomaly_sensor_ros2/build/respeaker:/home/xd/anomaly_sensor_ros2/install/respeaker/lib/python3.10/site-packages:${PYTHONPATH} /usr/bin/python3 -W ignore:setup.py install is deprecated -W ignore:easy_install command is deprecated setup.py develop --editable --build-directory /home/xd/anomaly_sensor_ros2/build/drone_sensors/build --no-deps symlink_data
[3.456s] Level 1:colcon.colcon_core.shell:create_environment_hook('drone_sensors', 'pythonpath_develop')
[3.456s] INFO:colcon.colcon_core.shell:Creating environment hook '/home/xd/anomaly_sensor_ros2/build/drone_sensors/share/drone_sensors/hook/pythonpath_develop.ps1'
[3.457s] DEBUG:colcon.colcon_core.event_handler.log_command:Invoked command in '/home/xd/anomaly_sensor_ros2/build/drone_sensors' returned '0': AMENT_PREFIX_PATH=/home/xd/anomaly_sensor_ros2/install/wcm6800_sensor:/home/xd/anomaly_sensor_ros2/install/thl100_sensor:/home/xd/anomaly_sensor_ros2/install/respeaker:${AMENT_PREFIX_PATH} PYTHONPATH=/home/xd/anomaly_sensor_ros2/build/drone_sensors/prefix_override:/usr/lib/python3/dist-packages/colcon_core/task/python/colcon_distutils_commands:/home/xd/anomaly_sensor_ros2/install/drone_sensors/lib/python3.10/site-packages:/home/xd/anomaly_sensor_ros2/build/wcm6800_sensor:/home/xd/anomaly_sensor_ros2/install/wcm6800_sensor/lib/python3.10/site-packages:/home/xd/anomaly_sensor_ros2/build/thl100_sensor:/home/xd/anomaly_sensor_ros2/install/thl100_sensor/lib/python3.10/site-packages:/home/xd/anomaly_sensor_ros2/build/respeaker:/home/xd/anomaly_sensor_ros2/install/respeaker/lib/python3.10/site-packages:${PYTHONPATH} /usr/bin/python3 -W ignore:setup.py install is deprecated -W ignore:easy_install command is deprecated setup.py develop --editable --build-directory /home/xd/anomaly_sensor_ros2/build/drone_sensors/build --no-deps symlink_data
[3.457s] INFO:colcon.colcon_core.shell:Creating environment descriptor '/home/xd/anomaly_sensor_ros2/build/drone_sensors/share/drone_sensors/hook/pythonpath_develop.dsv'
[3.457s] INFO:colcon.colcon_core.shell:Creating environment hook '/home/xd/anomaly_sensor_ros2/build/drone_sensors/share/drone_sensors/hook/pythonpath_develop.sh'
[3.458s] Level 1:colcon.colcon_core.environment:checking '/home/xd/anomaly_sensor_ros2/install/drone_sensors' for CMake module files
[3.458s] Level 1:colcon.colcon_core.environment:checking '/home/xd/anomaly_sensor_ros2/install/drone_sensors' for CMake config files
[3.458s] Level 1:colcon.colcon_core.environment:checking '/home/xd/anomaly_sensor_ros2/install/drone_sensors/lib'
[3.458s] Level 1:colcon.colcon_core.environment:checking '/home/xd/anomaly_sensor_ros2/install/drone_sensors/bin'
[3.458s] Level 1:colcon.colcon_core.environment:checking '/home/xd/anomaly_sensor_ros2/install/drone_sensors/lib/pkgconfig/drone_sensors.pc'
[3.459s] Level 1:colcon.colcon_core.environment:checking '/home/xd/anomaly_sensor_ros2/install/drone_sensors/lib/python3.10/site-packages'
[3.459s] Level 1:colcon.colcon_core.shell:create_environment_hook('drone_sensors', 'pythonpath')
[3.459s] INFO:colcon.colcon_core.shell:Creating environment hook '/home/xd/anomaly_sensor_ros2/install/drone_sensors/share/drone_sensors/hook/pythonpath.ps1'
[3.459s] INFO:colcon.colcon_core.shell:Creating environment descriptor '/home/xd/anomaly_sensor_ros2/install/drone_sensors/share/drone_sensors/hook/pythonpath.dsv'
[3.459s] INFO:colcon.colcon_core.shell:Creating environment hook '/home/xd/anomaly_sensor_ros2/install/drone_sensors/share/drone_sensors/hook/pythonpath.sh'
[3.460s] Level 1:colcon.colcon_core.environment:checking '/home/xd/anomaly_sensor_ros2/install/drone_sensors/bin'
[3.460s] Level 1:colcon.colcon_core.environment:create_environment_scripts_only(drone_sensors)
[3.460s] INFO:colcon.colcon_core.shell:Creating package script '/home/xd/anomaly_sensor_ros2/install/drone_sensors/share/drone_sensors/package.ps1'
[3.460s] INFO:colcon.colcon_core.shell:Creating package descriptor '/home/xd/anomaly_sensor_ros2/install/drone_sensors/share/drone_sensors/package.dsv'
[3.461s] INFO:colcon.colcon_core.shell:Creating package script '/home/xd/anomaly_sensor_ros2/install/drone_sensors/share/drone_sensors/package.sh'
[3.461s] INFO:colcon.colcon_core.shell:Creating package script '/home/xd/anomaly_sensor_ros2/install/drone_sensors/share/drone_sensors/package.bash'
[3.461s] INFO:colcon.colcon_core.shell:Creating package script '/home/xd/anomaly_sensor_ros2/install/drone_sensors/share/drone_sensors/package.zsh'
[3.461s] Level 1:colcon.colcon_core.environment:create_file_with_runtime_dependencies(/home/xd/anomaly_sensor_ros2/install/drone_sensors/share/colcon-core/packages/drone_sensors)
[3.461s] DEBUG:colcon.colcon_parallel_executor.executor.parallel:closing loop
[3.462s] DEBUG:colcon.colcon_parallel_executor.executor.parallel:loop closed
[3.462s] DEBUG:colcon.colcon_parallel_executor.executor.parallel:run_until_complete finished with '0'
[3.462s] DEBUG:colcon.colcon_core.event_reactor:joining thread
[3.469s] INFO:colcon.colcon_core.plugin_system:Skipping extension 'colcon_notification.desktop_notification.terminal_notifier': Not used on non-Darwin systems
[3.469s] INFO:colcon.colcon_core.plugin_system:Skipping extension 'colcon_notification.desktop_notification.win32': Not used on non-Windows systems
[3.469s] INFO:colcon.colcon_notification.desktop_notification:Sending desktop notification using 'notify2'
[3.483s] DEBUG:colcon.colcon_core.event_reactor:joined thread
[3.483s] INFO:colcon.colcon_core.shell:Creating prefix script '/home/xd/anomaly_sensor_ros2/install/local_setup.ps1'
[3.484s] INFO:colcon.colcon_core.shell:Creating prefix util module '/home/xd/anomaly_sensor_ros2/install/_local_setup_util_ps1.py'
[3.485s] INFO:colcon.colcon_core.shell:Creating prefix chain script '/home/xd/anomaly_sensor_ros2/install/setup.ps1'
[3.487s] INFO:colcon.colcon_core.shell:Creating prefix script '/home/xd/anomaly_sensor_ros2/install/local_setup.sh'
[3.488s] INFO:colcon.colcon_core.shell:Creating prefix util module '/home/xd/anomaly_sensor_ros2/install/_local_setup_util_sh.py'
[3.488s] INFO:colcon.colcon_core.shell:Creating prefix chain script '/home/xd/anomaly_sensor_ros2/install/setup.sh'
[3.490s] INFO:colcon.colcon_core.shell:Creating prefix script '/home/xd/anomaly_sensor_ros2/install/local_setup.bash'
[3.491s] INFO:colcon.colcon_core.shell:Creating prefix chain script '/home/xd/anomaly_sensor_ros2/install/setup.bash'
[3.493s] INFO:colcon.colcon_core.shell:Creating prefix script '/home/xd/anomaly_sensor_ros2/install/local_setup.zsh'
[3.494s] INFO:colcon.colcon_core.shell:Creating prefix chain script '/home/xd/anomaly_sensor_ros2/install/setup.zsh'
